<?xml version="1.0" encoding="UTF-8"?>
<!-- Generated by org.testng.reporters.JUnitReportReporter -->
<testsuite hostname="EG-PF3ZV919" failures="0" tests="1" name="Runner.TestRunner" time="37.952" errors="0" timestamp="2023-12-27T18:26:10 EET" skipped="0">
  <testcase classname="Runner.TestRunner" name="runScenario" time="37.952"/>
</testsuite> <!-- Runner.TestRunner -->
